[debug] [2022-04-28T16:37:32.472Z] ----------------------------------------------------------------------
[debug] [2022-04-28T16:37:32.476Z] Command:       /usr/local/bin/firebase /Users/lydiaswanson/.cache/firebase/tools/lib/node_modules/firebase-tools/lib/bin/firebase init hosting
[debug] [2022-04-28T16:37:32.476Z] CLI Version:   10.2.1
[debug] [2022-04-28T16:37:32.476Z] Platform:      darwin
[debug] [2022-04-28T16:37:32.476Z] Node Version:  v12.18.1
[debug] [2022-04-28T16:37:32.480Z] Time:          Thu Apr 28 2022 10:37:32 GMT-0600 (Mountain Daylight Time)
[debug] [2022-04-28T16:37:32.480Z] ----------------------------------------------------------------------
[debug] 
[debug] [2022-04-28T16:37:32.492Z] > command requires scopes: ["email","openid","https://www.googleapis.com/auth/cloudplatformprojects.readonly","https://www.googleapis.com/auth/firebase","https://www.googleapis.com/auth/cloud-platform"]
[debug] [2022-04-28T16:37:32.493Z] > authorizing via signed-in user (lydiaswan15@gmail.com)
[info] 
     ######## #### ########  ######## ########     ###     ######  ########
     ##        ##  ##     ## ##       ##     ##  ##   ##  ##       ##
     ######    ##  ########  ######   ########  #########  ######  ######
     ##        ##  ##    ##  ##       ##     ## ##     ##       ## ##
     ##       #### ##     ## ######## ########  ##     ##  ######  ########

You're about to initialize a Firebase project in this directory:

  /Users/lydiaswanson/Desktop/Personal Projects/lydiaswan15.github.io/lydiaPortfolio

[info] 
=== Project Setup
[info] 
[info] First, let's associate this project directory with a Firebase project.
[info] You can create multiple project aliases by running firebase use --add, 
[info] but for now we'll just set up a default project.
[info] 
[debug] [2022-04-28T16:37:34.771Z] >>> [apiv2][query] GET https://firebase.googleapis.com/v1beta1/projects pageSize=100
[debug] [2022-04-28T16:37:35.230Z] <<< [apiv2][status] GET https://firebase.googleapis.com/v1beta1/projects 200
[debug] [2022-04-28T16:37:35.230Z] <<< [apiv2][body] GET https://firebase.googleapis.com/v1beta1/projects [omitted]
[info] i  Using project lydia-portfolio (lydia-portfolio) 
[info] 
=== Hosting Setup
[info] 
[info] Your public directory is the folder (relative to your project directory) that
[info] will contain Hosting assets to be uploaded with firebase deploy. If you
[info] have a build process for your assets, use your build's output directory.
[info] 
[debug] [2022-04-28T16:38:13.239Z] >>> [apiv2][query] GET https://www.gstatic.com/firebasejs/releases.json [none]
[debug] [2022-04-28T16:38:13.328Z] <<< [apiv2][status] GET https://www.gstatic.com/firebasejs/releases.json 200
[debug] [2022-04-28T16:38:13.328Z] <<< [apiv2][body] GET https://www.gstatic.com/firebasejs/releases.json {"current":{"version":"9.6.11","browserURL":"https://www.gstatic.com/firebasejs/9.6.11/firebase.js","packageURL":"https://www.gstatic.com/firebasejs/9.6.11/firebase.tgz"},"live":{"version":"9.6","browserURL":"https://www.gstatic.com/firebasejs/live/9.6/firebase.js","packageURL":"https://www.gstatic.com/firebasejs/live/9.6/firebase.tgz"},"components":{"analytics":"https://www.gstatic.com/firebasejs/9.6.11/firebase-analytics.js","app":"https://www.gstatic.com/firebasejs/9.6.11/firebase-app.js","app-check":"https://www.gstatic.com/firebasejs/9.6.11/firebase-app-check.js","auth":"https://www.gstatic.com/firebasejs/9.6.11/firebase-auth.js","auth/cordova":"https://www.gstatic.com/firebasejs/9.6.11/firebase-auth/cordova.js","auth/react-native":"https://www.gstatic.com/firebasejs/9.6.11/firebase-auth/react-native.js","functions":"https://www.gstatic.com/firebasejs/9.6.11/firebase-functions.js","firestore":"https://www.gstatic.com/firebasejs/9.6.11/firebase-firestore.js","firestore/lite":"https://www.gstatic.com/firebasejs/9.6.11/firebase-firestore/lite.js","storage":"https://www.gstatic.com/firebasejs/9.6.11/firebase-storage.js","performance":"https://www.gstatic.com/firebasejs/9.6.11/firebase-performance.js","remote-config":"https://www.gstatic.com/firebasejs/9.6.11/firebase-remote-config.js","messaging":"https://www.gstatic.com/firebasejs/9.6.11/firebase-messaging.js","messaging/sw":"https://www.gstatic.com/firebasejs/9.6.11/firebase-messaging/sw.js","database":"https://www.gstatic.com/firebasejs/9.6.11/firebase-database.js","firestore.memory":"https://www.gstatic.com/firebasejs/9.6.11/firebase-firestore.memory.js"}}
[info] i  Skipping write of public/index.html 
[info] 
[info] i  Detected a .git folder at /Users/lydiaswanson/Desktop/Personal Projects/lydiaswan15.github.io 
[info] i  Authorizing with GitHub to upload your service account to a GitHub repository's secrets store. 
[info] 
[info] Visit this URL on this device to log in:
[info] https://github.com/login/oauth/authorize?client_id=89cf50f02ac6aaed3484&state=1005242144&redirect_uri=http%3A%2F%2Flocalhost%3A9005&scope=read%3Auser%20repo%20public_repo
[info] 
[info] Waiting for authentication...
[debug] [2022-04-28T16:38:34.540Z] >>> HTTP REQUEST POST https://github.com/login/oauth/access_token  
 {"client_id":"89cf50f02ac6aaed3484","client_secret":"3330d14abc895d9a74d5f17cd7a00711fa2c5bf0","code":"72815ac77ff8e65cfdba","redirect_uri":"http://localhost:9005","state":"1005242144"}
[debug] [2022-04-28T16:38:35.033Z] <<< HTTP RESPONSE 200 {"server":"GitHub.com","date":"Thu, 28 Apr 2022 16:38:35 GMT","content-type":"application/json; charset=utf-8","transfer-encoding":"chunked","vary":"X-PJAX, X-PJAX-Container, Accept-Encoding, Accept, X-Requested-With","permissions-policy":"interest-cohort=()","etag":"W/\"d84c3b5cdd97bc9d26361330a2a9edd3\"","cache-control":"max-age=0, private, must-revalidate","strict-transport-security":"max-age=31536000; includeSubdomains; preload","x-frame-options":"deny","x-content-type-options":"nosniff","x-xss-protection":"0","referrer-policy":"origin-when-cross-origin, strict-origin-when-cross-origin","expect-ct":"max-age=2592000, report-uri=\"https://api.github.com/_private/browser/errors\"","content-security-policy":"default-src 'none'; base-uri 'self'; block-all-mixed-content; child-src github.com/assets-cdn/worker/ gist.github.com/assets-cdn/worker/; connect-src 'self' uploads.github.com objects-origin.githubusercontent.com www.githubstatus.com collector.github.com raw.githubusercontent.com api.github.com github-cloud.s3.amazonaws.com github-production-repository-file-5c1aeb.s3.amazonaws.com github-production-upload-manifest-file-7fdce7.s3.amazonaws.com github-production-user-asset-6210df.s3.amazonaws.com cdn.optimizely.com logx.optimizely.com/v1/events translator.github.com *.actions.githubusercontent.com wss://*.actions.githubusercontent.com online.visualstudio.com/api/v1/locations github-production-repository-image-32fea6.s3.amazonaws.com github-production-release-asset-2e65be.s3.amazonaws.com insights.github.com wss://alive.github.com; font-src github.githubassets.com; form-action 'self' github.com gist.github.com objects-origin.githubusercontent.com; frame-ancestors 'none'; frame-src render.githubusercontent.com viewscreen.githubusercontent.com notebooks.githubusercontent.com; img-src 'self' data: github.githubassets.com identicons.github.com github-cloud.s3.amazonaws.com secured-user-images.githubusercontent.com/ *.githubusercontent.com; manifest-src 'self'; media-src github.com user-images.githubusercontent.com/; script-src github.githubassets.com; style-src 'unsafe-inline' github.githubassets.com; worker-src github.com/assets-cdn/worker/ gist.github.com/assets-cdn/worker/","x-github-request-id":"E7F0:394D:7141:9F97:626AC30A"}
[debug] [2022-04-28T16:38:35.065Z] >>> [apiv2][query] GET https://api.github.com/user [none]
[debug] [2022-04-28T16:38:35.393Z] <<< [apiv2][status] GET https://api.github.com/user 200
[debug] [2022-04-28T16:38:35.393Z] <<< [apiv2][body] GET https://api.github.com/user {"login":"lydiaswan15","id":59704291,"node_id":"MDQ6VXNlcjU5NzA0Mjkx","avatar_url":"https://avatars.githubusercontent.com/u/59704291?v=4","gravatar_id":"","url":"https://api.github.com/users/lydiaswan15","html_url":"https://github.com/lydiaswan15","followers_url":"https://api.github.com/users/lydiaswan15/followers","following_url":"https://api.github.com/users/lydiaswan15/following{/other_user}","gists_url":"https://api.github.com/users/lydiaswan15/gists{/gist_id}","starred_url":"https://api.github.com/users/lydiaswan15/starred{/owner}{/repo}","subscriptions_url":"https://api.github.com/users/lydiaswan15/subscriptions","organizations_url":"https://api.github.com/users/lydiaswan15/orgs","repos_url":"https://api.github.com/users/lydiaswan15/repos","events_url":"https://api.github.com/users/lydiaswan15/events{/privacy}","received_events_url":"https://api.github.com/users/lydiaswan15/received_events","type":"User","site_admin":false,"name":"Lydia Swanson","company":null,"blog":"","location":null,"email":null,"hireable":null,"bio":"Student at BYU Idaho studying Software Engineering","twitter_username":null,"public_repos":21,"public_gists":0,"followers":0,"following":0,"created_at":"2020-01-09T17:50:31Z","updated_at":"2022-04-18T19:35:14Z","private_gists":0,"total_private_repos":2,"owned_private_repos":2,"disk_usage":209783,"collaborators":1,"two_factor_authentication":false,"plan":{"name":"free","space":976562499,"collaborators":0,"private_repos":10000}}
[info] 
[info] ✔  Success! Logged into GitHub as lydiaswan15 
[info] 
